<?xml version="1.0" encoding="UTF-8"?>
<testsuite name="ejercicio6_15.ONGTest" tests="2" skipped="0" failures="0" errors="0" timestamp="2022-02-14T13:09:38" hostname="pc-gonzalo" time="0.086">
  <properties/>
  <testcase name="registrar()" classname="ejercicio6_15.ONGTest" time="0.084"/>
  <testcase name="siguiente()" classname="ejercicio6_15.ONGTest" time="0.001"/>
  <system-out><![CDATA[]]></system-out>
  <system-err><![CDATA[]]></system-err>
</testsuite>
