<?xml version="1.0" encoding="UTF-8"?>
<testsuite name="ejercicio6_10.EscuadronTest" tests="1" skipped="0" failures="0" errors="0" timestamp="2022-02-02T15:42:08" hostname="pc-gonzalo" time="0.023">
  <properties/>
  <testcase name="potenciaFuego()" classname="ejercicio6_10.EscuadronTest" time="0.023"/>
  <system-out><![CDATA[]]></system-out>
  <system-err><![CDATA[]]></system-err>
</testsuite>
