<?xml version="1.0" encoding="UTF-8"?>
<testsuite name="dataTypesExercise1.TestDataTypesExercise1" tests="2" skipped="0" failures="0" errors="0" timestamp="2021-12-13T13:07:23" hostname="pc-gonzalo" time="0.017">
  <properties/>
  <testcase name="checkOutput" classname="dataTypesExercise1.TestDataTypesExercise1" time="0.016"/>
  <testcase name="checkTypeMismatch" classname="dataTypesExercise1.TestDataTypesExercise1" time="0.001"/>
  <system-out><![CDATA[]]></system-out>
  <system-err><![CDATA[]]></system-err>
</testsuite>
