<?xml version="1.0" encoding="UTF-8"?>
<testsuite name="ClienteNoRegistradoTest" tests="2" skipped="0" failures="0" errors="0" timestamp="2022-02-17T13:24:23" hostname="pc-gonzalo" time="0.016">
  <properties/>
  <testcase name="aplicaDescuento()" classname="ClienteNoRegistradoTest" time="0.014"/>
  <testcase name="pagar()" classname="ClienteNoRegistradoTest" time="0.001"/>
  <system-out><![CDATA[]]></system-out>
  <system-err><![CDATA[]]></system-err>
</testsuite>
