<?xml version="1.0" encoding="UTF-8"?>
<testsuite name="TelevisorTest" tests="1" skipped="0" failures="0" errors="0" timestamp="2022-02-23T12:59:43" hostname="pc-gonzalo" time="0.015">
  <properties/>
  <testcase name="precioFinal()" classname="TelevisorTest" time="0.015"/>
  <system-out><![CDATA[]]></system-out>
  <system-err><![CDATA[]]></system-err>
</testsuite>
